生成启动时间为 2016/11/4 11:29:23。
     1>项目“D:\C++Program\PrefixTreeESpan\PrefixTreeESpan\PrefixTreeESpan.vcxproj”在节点 2 上(build 个目标)。
     1>InitializeBuildStatus:
         正在创建“Debug\PrefixTreeESpan.unsuccessfulbuild”，因为已指定“AlwaysCreate”。
       ClCompile:
         D:\Program Files (x86)\Microsoft Visual Studio 10.0\VC\bin\CL.exe /c /ZI /nologo /W3 /WX- /Od /Oy- /D WIN32 /D _DEBUG /D _CONSOLE /D _UNICODE /D UNICODE /Gm /EHsc /RTC1 /MDd /GS /fp:precise /Zc:wchar_t /Zc:forScope /Fo"Debug\\" /Fd"Debug\vc100.pdb" /Gd /TP /analyze- /errorReport:prompt Emain.cpp
         Emain.cpp
     1>d:\c++program\prefixtreeespan\prefixtreeespan\emain.cpp(79): warning C4018: “<”: 有符号/无符号不匹配
     1>d:\c++program\prefixtreeespan\prefixtreeespan\emain.cpp(83): warning C4018: “<”: 有符号/无符号不匹配
     1>d:\c++program\prefixtreeespan\prefixtreeespan\emain.cpp(124): warning C4018: “<”: 有符号/无符号不匹配
     1>d:\c++program\prefixtreeespan\prefixtreeespan\emain.cpp(137): warning C4018: “<”: 有符号/无符号不匹配
     1>d:\c++program\prefixtreeespan\prefixtreeespan\emain.cpp(147): warning C4018: “<”: 有符号/无符号不匹配
     1>d:\c++program\prefixtreeespan\prefixtreeespan\emain.cpp(159): warning C4018: “<”: 有符号/无符号不匹配
     1>d:\c++program\prefixtreeespan\prefixtreeespan\emain.cpp(272): warning C4018: “<”: 有符号/无符号不匹配
     1>d:\c++program\prefixtreeespan\prefixtreeespan\emain.cpp(281): warning C4018: “<”: 有符号/无符号不匹配
     1>d:\c++program\prefixtreeespan\prefixtreeespan\emain.cpp(291): warning C4018: “<”: 有符号/无符号不匹配
     1>d:\c++program\prefixtreeespan\prefixtreeespan\emain.cpp(335): warning C4996: 'freopen': This function or variable may be unsafe. Consider using freopen_s instead. To disable deprecation, use _CRT_SECURE_NO_WARNINGS. See online help for details.
                 d:\program files (x86)\microsoft visual studio 10.0\vc\include\stdio.h(249) : 参见“freopen”的声明
     1>d:\c++program\prefixtreeespan\prefixtreeespan\emain.cpp(349): warning C4018: “<”: 有符号/无符号不匹配
       ManifestResourceCompile:
         所有输出均为最新。
       Link:
         D:\Program Files (x86)\Microsoft Visual Studio 10.0\VC\bin\link.exe /ERRORREPORT:PROMPT /OUT:"D:\C++Program\PrefixTreeESpan\Debug\PrefixTreeESpan.exe" /INCREMENTAL /NOLOGO kernel32.lib user32.lib gdi32.lib winspool.lib comdlg32.lib advapi32.lib shell32.lib ole32.lib oleaut32.lib uuid.lib odbc32.lib odbccp32.lib /MANIFEST /ManifestFile:"Debug\PrefixTreeESpan.exe.intermediate.manifest" /MANIFESTUAC:"level='asInvoker' uiAccess='false'" /DEBUG /PDB:"D:\C++Program\PrefixTreeESpan\Debug\PrefixTreeESpan.pdb" /SUBSYSTEM:CONSOLE /TLBID:1 /DYNAMICBASE /NXCOMPAT /IMPLIB:"D:\C++Program\PrefixTreeESpan\Debug\PrefixTreeESpan.lib" /MACHINE:X86 Debug\PrefixTreeESpan.exe.embed.manifest.res
         Debug\Emain.obj
       Manifest:
         C:\Program Files (x86)\Microsoft SDKs\Windows\v7.0A\bin\mt.exe /nologo /verbose /out:"Debug\PrefixTreeESpan.exe.embed.manifest" /manifest Debug\PrefixTreeESpan.exe.intermediate.manifest
         所有输出均为最新。
       LinkEmbedManifest:
         所有输出均为最新。
         PrefixTreeESpan.vcxproj -> D:\C++Program\PrefixTreeESpan\Debug\PrefixTreeESpan.exe
       FinalizeBuildStatus:
         正在删除文件“Debug\PrefixTreeESpan.unsuccessfulbuild”。
         正在对“Debug\PrefixTreeESpan.lastbuildstate”执行 Touch 任务。
     1>已完成生成项目“D:\C++Program\PrefixTreeESpan\PrefixTreeESpan\PrefixTreeESpan.vcxproj”(build 个目标)的操作。

生成成功。

已用时间 00:00:01.70
